Apr-07 17:07:22.373 [main] DEBUG nextflow.cli.Launcher - $> nextflow main.nf -with-docker
Apr-07 17:07:22.443 [main] INFO  nextflow.cli.CmdRun - N E X T F L O W  ~  version 20.10.0
Apr-07 17:07:22.450 [main] INFO  nextflow.cli.CmdRun - Launching `main.nf` [golden_austin] - revision: 5fd641aed4
Apr-07 17:07:22.464 [main] DEBUG nextflow.config.ConfigBuilder - Found config local: /Users/danielgates/Desktop/NextflowTesting/nextflow.config
Apr-07 17:07:22.465 [main] DEBUG nextflow.config.ConfigBuilder - Parsing config file: /Users/danielgates/Desktop/NextflowTesting/nextflow.config
Apr-07 17:07:22.477 [main] DEBUG nextflow.config.ConfigBuilder - Applying config profile: `standard`
Apr-07 17:07:22.857 [main] DEBUG nextflow.config.ConfigBuilder - Enabling execution in Docker container as requested by cli option `-with-docker -`
Apr-07 17:07:22.882 [main] DEBUG nextflow.Session - Session uuid: c36eb7ad-3559-4c1c-ac37-3adc32b24f2e
Apr-07 17:07:22.882 [main] DEBUG nextflow.Session - Run name: golden_austin
Apr-07 17:07:22.882 [main] DEBUG nextflow.Session - Executor pool size: 16
Apr-07 17:07:22.904 [main] DEBUG nextflow.cli.CmdRun - 
  Version: 20.10.0 build 5430
  Created: 01-11-2020 15:14 UTC (07:14 PDT)
  System: Mac OS X 10.16
  Runtime: Groovy 3.0.5 on OpenJDK 64-Bit Server VM 11.0.8+10-LTS
  Encoding: UTF-8 (UTF-8)
  Process: 97497@DGATES0066M.local [127.0.0.1]
  CPUs: 16 - Mem: 64 GB (539.6 MB) - Swap: 3 GB (1.6 GB)
Apr-07 17:07:22.913 [main] DEBUG nextflow.Session - Work-dir: /Users/danielgates/Desktop/NextflowTesting/work [Mac OS X]
Apr-07 17:07:22.914 [main] DEBUG nextflow.Session - Script base path does not exist or is not a directory: /Users/danielgates/Desktop/NextflowTesting/bin
Apr-07 17:07:22.942 [main] DEBUG nextflow.Session - Observer factory: TowerFactory
Apr-07 17:07:22.944 [main] DEBUG nextflow.Session - Observer factory: DefaultObserverFactory
Apr-07 17:07:23.027 [main] DEBUG nextflow.Session - Session start invoked
Apr-07 17:07:23.150 [main] DEBUG nextflow.script.ScriptRunner - > Launching execution
Apr-07 17:07:23.155 [main] DEBUG nextflow.Session - Workflow process names [dsl1]: minimapS31
Apr-07 17:07:23.201 [main] DEBUG nextflow.executor.ExecutorFactory - << taskConfig executor: null
Apr-07 17:07:23.202 [main] DEBUG nextflow.executor.ExecutorFactory - >> processorType: 'local'
Apr-07 17:07:23.205 [main] DEBUG nextflow.executor.Executor - [warm up] executor > local
Apr-07 17:07:23.211 [main] DEBUG n.processor.LocalPollingMonitor - Creating local task monitor for executor 'local' > cpus=16; memory=64 GB; capacity=16; pollInterval=100ms; dumpInterval=5m
Apr-07 17:07:23.325 [main] DEBUG nextflow.script.ScriptRunner - > Await termination 
Apr-07 17:07:23.325 [main] DEBUG nextflow.Session - Session await
Apr-07 17:07:23.374 [Actor Thread 3] DEBUG nextflow.file.FileHelper - Creating a file system instance for provider: S3FileSystemProvider
Apr-07 17:07:23.385 [Actor Thread 3] DEBUG nextflow.Global - Using AWS credential defined in `default` section in file: /Users/danielgates/.aws/credentials
Apr-07 17:07:23.386 [Actor Thread 3] DEBUG nextflow.file.FileHelper - AWS S3 config details: {secret_key=rSSyGN.., region=us-west-1, access_key=AKIAYH..}
Apr-07 17:07:27.613 [Actor Thread 3] DEBUG n.util.BlockingThreadExecutorFactory - Thread pool name=FileTransfer; maxThreads=48; maxQueueSize=144; keepAlive=1m
Apr-07 17:07:27.621 [FileTransfer-thread-1] DEBUG nextflow.file.FilePorter - Copying foreign file s3://transcriptome.seeds.genewiz.rawdata/LO1_R1_001.fastq.gz to work dir: /Users/danielgates/Desktop/NextflowTesting/work/stage/e3/65173efa24b2546aa2474024559b17/LO1_R1_001.fastq.gz
Apr-07 17:07:27.679 [FileTransfer-thread-2] DEBUG nextflow.file.FilePorter - Copying foreign file s3://transcriptomepipeline/ContaminantsForRemove.fasta to work dir: /Users/danielgates/Desktop/NextflowTesting/work/stage/cb/4ed40bb24d04b70f9802ec8d1800ed/ContaminantsForRemove.fasta
Apr-07 17:07:29.682 [Actor Thread 3] INFO  nextflow.file.FilePorter - Staging foreign file: s3://transcriptome.seeds.genewiz.rawdata/LO1_R1_001.fastq.gz
Apr-07 17:07:31.684 [Actor Thread 3] INFO  nextflow.file.FilePorter - Staging foreign file: s3://transcriptomepipeline/ContaminantsForRemove.fasta
Apr-07 17:07:32.048 [SIGINT handler] DEBUG nextflow.Session - Session aborted -- Cause: SIGINT
Apr-07 17:07:32.068 [SIGINT handler] DEBUG nextflow.Session - The following nodes are still active:
[process] minimapS31
  status=ACTIVE
  port 0: (value) bound ; channel: fastq
  port 1: (value) bound ; channel: contam
  port 2: (cntrl) -     ; channel: $

Apr-07 17:07:32.069 [main] DEBUG nextflow.Session - Session await > all process finished
Apr-07 17:07:32.070 [main] DEBUG nextflow.Session - Session await > all barriers passed
Apr-07 17:07:35.709 [SIGINT handler] INFO  nextflow.Session - Adieu
